=== puma startup: 2019-09-06 14:29:22 +0000 ===
[10048] * Starting control server on unix:///tmp/puma-status-1567780162966-10048
[10048] - Gracefully shutting down workers...
[14533] Early termination of worker
[14534] Early termination of worker
[10048] === puma shutdown: 2019-09-06 14:31:51 +0000 ===
[10048] - Goodbye!
Exiting
=== puma startup: 2019-09-06 14:33:47 +0000 ===
[14547] * Starting control server on unix:///tmp/puma-status-1567780427471-14547
[14547] - Gracefully shutting down workers...
[16210] Early termination of worker
[14547] === puma shutdown: 2019-09-06 14:34:39 +0000 ===
[14547] - Goodbye!
Exiting
=== puma startup: 2019-09-06 14:37:53 +0000 ===
[16280] * Starting control server on unix:///tmp/puma-status-1567780673764-16280
[16280] - Gracefully shutting down workers...
[18380] Early termination of worker
[16280] === puma shutdown: 2019-09-06 14:39:02 +0000 ===
[16280] - Goodbye!
Exiting
=== puma startup: 2019-09-06 14:46:00 +0000 ===
[18635] * Starting control server on unix:///tmp/puma-status-1567781160771-18635
[18635] - Gracefully shutting down workers...
[19649] Early termination of worker
[18635] === puma shutdown: 2019-09-06 14:46:31 +0000 ===
[18635] - Goodbye!
Exiting
=== puma startup: 2019-09-06 14:50:40 +0000 ===
[19953] * Starting control server on unix:///tmp/puma-status-1567781440890-19953
[19953] - Gracefully shutting down workers...
[20827] Early termination of worker
[19953] === puma shutdown: 2019-09-06 14:51:07 +0000 ===
[19953] - Goodbye!
Exiting
=== puma startup: 2019-09-06 14:53:37 +0000 ===
[20852] * Starting control server on unix:///tmp/puma-status-1567781617339-20852
[20852] - Gracefully shutting down workers...
[25733] Early termination of worker
[20852] === puma shutdown: 2019-09-06 14:56:15 +0000 ===
[20852] - Goodbye!
Exiting
=== puma startup: 2019-09-07 09:32:31 +0000 ===
[8764] * Starting control server on unix:///tmp/puma-status-1567848751614-8764
[8764] - Gracefully shutting down workers...
[21289] Early termination of worker
[8764] === puma shutdown: 2019-09-07 09:39:28 +0000 ===
[8764] - Goodbye!
Exiting
=== puma startup: 2019-09-07 10:01:35 +0000 ===
[21522] * Starting control server on unix:///tmp/puma-status-1567850495339-21522
[21522] - Gracefully shutting down workers...
[21696] Early termination of worker
[21522] === puma shutdown: 2019-09-07 10:01:40 +0000 ===
[21522] - Goodbye!
Exiting
=== puma startup: 2019-09-07 10:29:32 +0000 ===
[22139] * Starting control server on unix:///tmp/puma-status-1567852172386-22139
[22139] - Worker 0 (pid: 22145) booted, phase: 0
[22139] - Gracefully shutting down workers...
[22139] === puma shutdown: 2019-09-07 10:33:21 +0000 ===
[22139] - Goodbye!
Exiting
=== puma startup: 2019-09-07 10:40:20 +0000 ===
[22492] * Starting control server on unix:///tmp/puma-status-1567852820971-22492
[22492] - Worker 0 (pid: 22498) booted, phase: 0
[22492] - Gracefully shutting down workers...
[22492] === puma shutdown: 2019-09-07 10:45:03 +0000 ===
[22492] - Goodbye!
Exiting
=== puma startup: 2019-09-07 10:45:43 +0000 ===
[22839] * Starting control server on unix:///tmp/puma-status-1567853143345-22839
[22839] - Worker 0 (pid: 22845) booted, phase: 0
[22839] - Gracefully shutting down workers...
[22839] === puma shutdown: 2019-09-07 10:45:55 +0000 ===
[22839] - Goodbye!
Exiting
=== puma startup: 2019-09-07 10:48:59 +0000 ===
[22888] * Starting control server on unix:///tmp/puma-status-1567853339245-22888
[22888] - Worker 0 (pid: 22894) booted, phase: 0
[22888] - Gracefully shutting down workers...
[22888] === puma shutdown: 2019-09-07 10:50:55 +0000 ===
[22888] - Goodbye!
Exiting
=== puma startup: 2019-09-07 10:54:59 +0000 ===
[23155] * Starting control server on unix:///tmp/puma-status-1567853699598-23155
[23155] - Worker 0 (pid: 23161) booted, phase: 0
[23155] - Gracefully shutting down workers...
[23155] === puma shutdown: 2019-09-07 11:15:46 +0000 ===
[23155] - Goodbye!
Exiting
=== puma startup: 2019-09-07 11:17:07 +0000 ===
[23419] * Starting control server on unix:///tmp/puma-status-1567855027851-23419
[23419] - Worker 0 (pid: 23425) booted, phase: 0
[23419] - Gracefully shutting down workers...
[23419] === puma shutdown: 2019-09-07 11:24:20 +0000 ===
[23419] - Goodbye!
Exiting
=== puma startup: 2019-09-07 11:24:36 +0000 ===
[23498] * Starting control server on unix:///tmp/puma-status-1567855476683-23498
[23498] - Worker 0 (pid: 23504) booted, phase: 0
[23498] - Gracefully shutting down workers...
[23498] === puma shutdown: 2019-09-07 11:24:45 +0000 ===
[23498] - Goodbye!
Exiting
=== puma startup: 2019-09-07 11:26:58 +0000 ===
[23576] * Starting control server on unix:///tmp/puma-status-1567855618090-23576
[23576] - Worker 0 (pid: 23582) booted, phase: 0
[23576] - Gracefully shutting down workers...
[23576] === puma shutdown: 2019-09-07 11:27:33 +0000 ===
[23576] - Goodbye!
Exiting
=== puma startup: 2019-09-07 11:27:35 +0000 ===
[23610] * Starting control server on unix:///tmp/puma-status-1567855655978-23610
[23610] - Worker 0 (pid: 23616) booted, phase: 0
[23610] - Gracefully shutting down workers...
[23610] === puma shutdown: 2019-09-07 11:31:05 +0000 ===
[23610] - Goodbye!
Exiting
=== puma startup: 2019-09-07 11:31:08 +0000 ===
[23830] * Starting control server on unix:///tmp/puma-status-1567855868170-23830
[23830] - Worker 0 (pid: 23836) booted, phase: 0
[23830] - Gracefully shutting down workers...
[23830] === puma shutdown: 2019-09-07 11:39:18 +0000 ===
[23830] - Goodbye!
Exiting
=== puma startup: 2019-09-07 11:39:20 +0000 ===
[24090] * Starting control server on unix:///tmp/puma-status-1567856360944-24090
[24090] - Worker 0 (pid: 24096) booted, phase: 0
[24090] - Gracefully shutting down workers...
[24090] === puma shutdown: 2019-09-07 11:39:39 +0000 ===
[24090] - Goodbye!
Exiting
=== puma startup: 2019-09-07 11:43:24 +0000 ===
[24139] * Starting control server on unix:///tmp/puma-status-1567856604326-24139
[24139] - Worker 0 (pid: 24145) booted, phase: 0
[24139] - Gracefully shutting down workers...
[24139] === puma shutdown: 2019-09-07 11:46:18 +0000 ===
[24139] - Goodbye!
Exiting
=== puma startup: 2019-09-07 12:07:19 +0000 ===
[24543] * Starting control server on unix:///tmp/puma-status-1567858039670-24543
[24543] - Worker 0 (pid: 24549) booted, phase: 0
[24543] - Gracefully shutting down workers...
[24543] === puma shutdown: 2019-09-07 12:07:30 +0000 ===
[24543] - Goodbye!
Exiting
=== puma startup: 2019-09-07 12:15:41 +0000 ===
[26766] * Starting control server on unix:///tmp/puma-status-1567858541635-26766
[26766] - Worker 0 (pid: 26772) booted, phase: 0
[26766] - Gracefully shutting down workers...
[26766] === puma shutdown: 2019-09-07 12:17:14 +0000 ===
[26766] - Goodbye!
Exiting
=== puma startup: 2019-09-07 12:17:48 +0000 ===
[26793] * Starting control server on unix:///tmp/puma-status-1567858668596-26793
[26793] - Worker 0 (pid: 26799) booted, phase: 0
[26793] - Gracefully shutting down workers...
[26793] === puma shutdown: 2019-09-07 12:17:53 +0000 ===
[26793] - Goodbye!
Exiting
=== puma startup: 2019-09-07 12:30:29 +0000 ===
[27067] * Starting control server on unix:///tmp/puma-status-1567859429656-27067
[27067] - Worker 0 (pid: 27073) booted, phase: 0
[27067] - Gracefully shutting down workers...
[27067] === puma shutdown: 2019-09-07 12:30:41 +0000 ===
[27067] - Goodbye!
Exiting
=== puma startup: 2019-09-07 12:31:35 +0000 ===
[27089] * Starting control server on unix:///tmp/puma-status-1567859495404-27089
[27089] - Worker 0 (pid: 27095) booted, phase: 0
[27089] - Gracefully shutting down workers...
[27089] === puma shutdown: 2019-09-07 12:31:57 +0000 ===
[27089] - Goodbye!
Exiting
=== puma startup: 2019-09-07 12:32:33 +0000 ===
[27112] * Starting control server on unix:///tmp/puma-status-1567859553352-27112
[27112] - Worker 0 (pid: 27118) booted, phase: 0
[27112] - Gracefully shutting down workers...
[27112] === puma shutdown: 2019-09-07 12:35:13 +0000 ===
[27112] - Goodbye!
Exiting
